<?xml version="1.0" encoding="UTF-8" standalone="no"?>
<testsuite errors="0" failures="0" name="io.cucumber.core.plugin.JUnitFormatter" skipped="0" tests="1" time="0.55">
    <testcase classname="A sample test name that must be unique" name="I expect this scenario to be published in X-Ray" time="0.017">
        <system-out>
            <![CDATA[Given 1 + 1 = 2.............................................................passed
Then this scenario is true..................................................passed
]]>
        </system-out>
    </testcase>
</testsuite>
